<?xml version="1.0" encoding="UTF-8"?>
<testsuite xmlns:xsi="http://www.w3.org/2001/XMLSchema-instance" xsi:noNamespaceSchemaLocation="https://maven.apache.org/surefire/maven-surefire-plugin/xsd/surefire-test-report.xsd" name="com.mojita.core.lsm.DefaultMemTableTest" time="2.944" tests="3" errors="0" skipped="0" failures="0">
  <properties>
[...]
</properties>
  <testcase name="testSwitchToImmutable" classname="com.mojita.core.lsm.DefaultMemTableTest" time="2.92"/>
  <testcase name="testSizeTracking" classname="com.mojita.core.lsm.DefaultMemTableTest" time="0.007"/>
  <testcase name="testBasicOperations" classname="com.mojita.core.lsm.DefaultMemTableTest" time="0.008"/>
</testsuite>